[15:27:35] -> Executing Sql 'insert into "dbo"."FORMGENERIC"("FORMNAME","KULLANICIID","TARIH","Values","FIRMAID","OptimisticLockField","GCRecord")values(@p1,@p2,null,@p3,@p4,@p5,null) set @p0=SCOPE_IDENTITY() set @r=1' with parameters '{},{test00001},{3},{[{"RowNo":0,"ColNo":0,"RepoItemName":"","RepoItemValue":"1","Rep...},{1},{0},{1}' exception 'System.Data.SqlClient.SqlException: String or binary data would be truncated.
The statement has been terminated.
   konum: System.Data.SqlClient.SqlConnection.OnError(SqlException exception, Boolean breakConnection)
   konum: System.Data.SqlClient.SqlInternalConnection.OnError(SqlException exception, Boolean breakConnection)
   konum: System.Data.SqlClient.TdsParser.ThrowExceptionAndWarning(TdsParserStateObject stateObj)
   konum: System.Data.SqlClient.TdsParser.Run(RunBehavior runBehavior, SqlCommand cmdHandler, SqlDataReader dataStream, BulkCopySimpleResultSet bulkCopyHandler, TdsParserStateObject stateObj)
   konum: System.Data.SqlClient.SqlCommand.FinishExecuteReader(SqlDataReader ds, RunBehavior runBehavior, String resetOptionsString)
   konum: System.Data.SqlClient.SqlCommand.RunExecuteReaderTds(CommandBehavior cmdBehavior, RunBehavior runBehavior, Boolean returnStream, Boolean async)
   konum: System.Data.SqlClient.SqlCommand.RunExecuteReader(CommandBehavior cmdBehavior, RunBehavior runBehavior, Boolean returnStream, String method, DbAsyncResult result)
   konum: System.Data.SqlClient.SqlCommand.InternalExecuteNonQuery(DbAsyncResult result, String methodName, Boolean sendToPipe)
   konum: System.Data.SqlClient.SqlCommand.ExecuteNonQuery()
   konum: DevExpress.Xpo.DB.MSSqlConnectionProvider.<>c__DisplayClass2.<Exec>b__0()'   konum: DevExpress.Xpo.DB.MSSqlConnectionProvider.<>c__DisplayClass2.<Exec>b__0()
   konum: DevExpress.Xpo.Logger.LogManager.Log[T](String category, LogHandler`1 handler, MessageHandler`1 createMessageHandler)
   konum: DevExpress.Xpo.DB.MSSqlConnectionProvider.Exec(IDbCommand command, IDictionary parameters)
   konum: DevExpress.Xpo.DB.MSSqlConnectionProvider.ProcessModifyData(ModificationStatement[] dmlStatements)
   konum: DevExpress.Xpo.DB.DataStoreSerializedBase.ModifyData(ModificationStatement[] dmlStatements)
   konum: DevExpress.Xpo.DB.ConnectionProviderSql.ModifyData(ModificationStatement[] dmlStatements)
   konum: DevExpress.Xpo.SimpleDataLayer.ModifyData(ModificationStatement[] dmlStatements)
   konum: DevExpress.Xpo.Helpers.DataLayerWrapperS18452.ModifyData(ModificationStatement[] dmlStatements)
   konum: DevExpress.Xpo.SimpleObjectLayer.CommitChanges(Session session, ICollection fullListForDelete, ICollection completeListForSave)
   konum: DevExpress.Xpo.Session.FlushChangesInsideTransaction()
   konum: DevExpress.Xpo.Session.FlushChanges()
   konum: DevExpress.Xpo.Session.ProcessingProcess(ObjectSet markedObjectsHolder, Object theObject)
   konum: DevExpress.Xpo.Session.Save(Object theObject)
   konum: DevExpress.Xpo.XPBaseObject.Save()
   konum: YAGCI_SHIPPING.Formlar.FormGENERIC.btnKaydet_Click(Object sender, EventArgs e)
[15:40:53] -> Schema needs to be updated. Contact your system administrator. Sql text: Invalid object name 'dbo.FORMGENERIC'.   konum: DevExpress.Xpo.DB.MSSqlConnectionProvider.<>c__DisplayClass2.<Exec>b__0()
   konum: DevExpress.Xpo.Logger.LogManager.Log[T](String category, LogHandler`1 handler, MessageHandler`1 createMessageHandler)
   konum: DevExpress.Xpo.DB.MSSqlConnectionProvider.Exec(IDbCommand command, IDictionary parameters)
   konum: DevExpress.Xpo.DB.MSSqlConnectionProvider.ProcessModifyData(ModificationStatement[] dmlStatements)
   konum: DevExpress.Xpo.DB.DataStoreSerializedBase.ModifyData(ModificationStatement[] dmlStatements)
   konum: DevExpress.Xpo.DB.ConnectionProviderSql.ModifyData(ModificationStatement[] dmlStatements)
   konum: DevExpress.Xpo.SimpleDataLayer.ModifyData(ModificationStatement[] dmlStatements)
   konum: DevExpress.Xpo.Helpers.DataLayerWrapperS18452.ModifyData(ModificationStatement[] dmlStatements)
   konum: DevExpress.Xpo.SimpleObjectLayer.CommitChanges(Session session, ICollection fullListForDelete, ICollection completeListForSave)
   konum: DevExpress.Xpo.Session.FlushChangesInsideTransaction()
   konum: DevExpress.Xpo.Session.FlushChanges()
   konum: DevExpress.Xpo.Session.ProcessingProcess(ObjectSet markedObjectsHolder, Object theObject)
   konum: DevExpress.Xpo.Session.Save(Object theObject)
   konum: DevExpress.Xpo.XPBaseObject.Save()
   konum: YAGCI_SHIPPING.Formlar.FormGENERIC.btnKaydet_Click(Object sender, EventArgs e) C:\Users\Administrator\Desktop\Projeler\yedek\YAGCI_SHIPPING\YAGCI_SHIPPING\Formlar\FormGENERIC.cs içinde: satır 97
